2023-08-30 12:33:02:762 grammar LogManager.java:25 before: (LEXER_GRAMMAR SwiftLexer (@ members {
  type ErrorListener struct {
    *antlr.DefaultErrorListener
  }

  func (l *ErrorListener) SyntaxError(recognizer antlr.Recognizer, offendingSymbol interface{}, line, column int, msg string, e antlr.RecognitionException) {
    fmt.Printf("Error en línea %d, columna %d: %s\n", line, column, msg)
  }
}) (RULES (RULE INT (BLOCK (ALT 'Int'))) (RULE FLOAT (BLOCK (ALT 'Float'))) (RULE BOOL (BLOCK (ALT 'Bool'))) (RULE STR (BLOCK (ALT 'String'))) (RULE TRU (BLOCK (ALT 'true'))) (RULE FAL (BLOCK (ALT 'false'))) (RULE PRINT (BLOCK (ALT 'print'))) (RULE IF (BLOCK (ALT 'if'))) (RULE ELSE (BLOCK (ALT 'else'))) (RULE WHILE (BLOCK (ALT 'while'))) (RULE FOR (BLOCK (ALT 'for'))) (RULE SWITCH (BLOCK (ALT 'switch'))) (RULE CASE (BLOCK (ALT 'case'))) (RULE DEFAULT (BLOCK (ALT 'default'))) (RULE IN (BLOCK (ALT 'in'))) (RULE VAR (BLOCK (ALT 'var'))) (RULE BREAK (BLOCK (ALT 'break'))) (RULE CONTINUE (BLOCK (ALT 'continue'))) (RULE RETURN (BLOCK (ALT 'return'))) (RULE GUARD (BLOCK (ALT 'guard'))) (RULE NUMBER (BLOCK (ALT (+ (BLOCK (ALT [0-9]))) (? (BLOCK (ALT '.' (+ (BLOCK (ALT [0-9]))))))))) (RULE STRING (BLOCK (ALT '"' (* (BLOCK (ALT (~ (SET ["]))))) '"'))) (RULE ID (BLOCK (ALT (BLOCK (ALT [a-zA-Z])) (* (BLOCK (ALT [a-zA-Z0-9_])))))) (RULE DIF (BLOCK (ALT '!='))) (RULE IG_IG (BLOCK (ALT '=='))) (RULE NOT (BLOCK (ALT '!'))) (RULE OR (BLOCK (ALT '||'))) (RULE AND (BLOCK (ALT '&&'))) (RULE IG (BLOCK (ALT '='))) (RULE MAY_IG (BLOCK (ALT '>='))) (RULE MEN_IG (BLOCK (ALT '<='))) (RULE MAYOR (BLOCK (ALT '>'))) (RULE MENOR (BLOCK (ALT '<'))) (RULE MUL (BLOCK (ALT '*'))) (RULE DIV (BLOCK (ALT '/'))) (RULE ADD (BLOCK (ALT '+'))) (RULE SUB (BLOCK (ALT '-'))) (RULE PARIZQ (BLOCK (ALT '('))) (RULE PARDER (BLOCK (ALT ')'))) (RULE LLAVEIZQ (BLOCK (ALT '{'))) (RULE LLAVEDER (BLOCK (ALT '}'))) (RULE D_PTS (BLOCK (ALT ':'))) (RULE CORIZQ (BLOCK (ALT '['))) (RULE CORDER (BLOCK (ALT ']'))) (RULE COMA (BLOCK (ALT ','))) (RULE PUNTO (BLOCK (ALT '.'))) (RULE INVALID_CHAR (BLOCK (ALT . {
  fmt.Printf("Caracter no válido en línea %d, columna %d: %s\n", antlrLexer.GetLine(), antlrLexer.GetColumn(), $text)
  antlrLexer.NotifyErrorListeners("Caracter no válido: " + $text)
  antlrLexer.Skip()
}))) (RULE WHITESPACE (BLOCK (LEXER_ALT_ACTION (ALT (+ (BLOCK (ALT [ \\\r\n\t])))) skip))) (RULE COMMENT (BLOCK (LEXER_ALT_ACTION (ALT '/*' (* (BLOCK (ALT .))) '*/') skip))) (RULE LINE_COMMENT (BLOCK (LEXER_ALT_ACTION (ALT '//' (* (BLOCK (ALT (~ (SET [\r\n])))))) skip))) (RULE ESC_SEQ (RULEMODIFIERS fragment) (BLOCK (ALT '\\' (BLOCK (ALT '\\') (ALT '@') (ALT '[') (ALT ']') (ALT '.') (ALT '#') (ALT '+') (ALT '-') (ALT '!') (ALT ':') (ALT ' ')))))))
2023-08-30 12:33:02:792 grammar LogManager.java:25 after: (LEXER_GRAMMAR SwiftLexer (@ members {
  type ErrorListener struct {
    *antlr.DefaultErrorListener
  }

  func (l *ErrorListener) SyntaxError(recognizer antlr.Recognizer, offendingSymbol interface{}, line, column int, msg string, e antlr.RecognitionException) {
    fmt.Printf("Error en línea %d, columna %d: %s\n", line, column, msg)
  }
}) (RULES (RULE INT (BLOCK (ALT 'Int'))) (RULE FLOAT (BLOCK (ALT 'Float'))) (RULE BOOL (BLOCK (ALT 'Bool'))) (RULE STR (BLOCK (ALT 'String'))) (RULE TRU (BLOCK (ALT 'true'))) (RULE FAL (BLOCK (ALT 'false'))) (RULE PRINT (BLOCK (ALT 'print'))) (RULE IF (BLOCK (ALT 'if'))) (RULE ELSE (BLOCK (ALT 'else'))) (RULE WHILE (BLOCK (ALT 'while'))) (RULE FOR (BLOCK (ALT 'for'))) (RULE SWITCH (BLOCK (ALT 'switch'))) (RULE CASE (BLOCK (ALT 'case'))) (RULE DEFAULT (BLOCK (ALT 'default'))) (RULE IN (BLOCK (ALT 'in'))) (RULE VAR (BLOCK (ALT 'var'))) (RULE BREAK (BLOCK (ALT 'break'))) (RULE CONTINUE (BLOCK (ALT 'continue'))) (RULE RETURN (BLOCK (ALT 'return'))) (RULE GUARD (BLOCK (ALT 'guard'))) (RULE NUMBER (BLOCK (ALT (+ (BLOCK (ALT [0-9]))) (? (BLOCK (ALT '.' (+ (BLOCK (ALT [0-9]))))))))) (RULE STRING (BLOCK (ALT '"' (* (BLOCK (ALT (~ (SET ["]))))) '"'))) (RULE ID (BLOCK (ALT (BLOCK (ALT [a-zA-Z])) (* (BLOCK (ALT [a-zA-Z0-9_])))))) (RULE DIF (BLOCK (ALT '!='))) (RULE IG_IG (BLOCK (ALT '=='))) (RULE NOT (BLOCK (ALT '!'))) (RULE OR (BLOCK (ALT '||'))) (RULE AND (BLOCK (ALT '&&'))) (RULE IG (BLOCK (ALT '='))) (RULE MAY_IG (BLOCK (ALT '>='))) (RULE MEN_IG (BLOCK (ALT '<='))) (RULE MAYOR (BLOCK (ALT '>'))) (RULE MENOR (BLOCK (ALT '<'))) (RULE MUL (BLOCK (ALT '*'))) (RULE DIV (BLOCK (ALT '/'))) (RULE ADD (BLOCK (ALT '+'))) (RULE SUB (BLOCK (ALT '-'))) (RULE PARIZQ (BLOCK (ALT '('))) (RULE PARDER (BLOCK (ALT ')'))) (RULE LLAVEIZQ (BLOCK (ALT '{'))) (RULE LLAVEDER (BLOCK (ALT '}'))) (RULE D_PTS (BLOCK (ALT ':'))) (RULE CORIZQ (BLOCK (ALT '['))) (RULE CORDER (BLOCK (ALT ']'))) (RULE COMA (BLOCK (ALT ','))) (RULE PUNTO (BLOCK (ALT '.'))) (RULE INVALID_CHAR (BLOCK (ALT . {
  fmt.Printf("Caracter no válido en línea %d, columna %d: %s\n", antlrLexer.GetLine(), antlrLexer.GetColumn(), $text)
  antlrLexer.NotifyErrorListeners("Caracter no válido: " + $text)
  antlrLexer.Skip()
}))) (RULE WHITESPACE (BLOCK (LEXER_ALT_ACTION (ALT (+ (BLOCK (ALT [ \\\r\n\t])))) skip))) (RULE COMMENT (BLOCK (LEXER_ALT_ACTION (ALT '/*' (* (BLOCK (ALT .))) '*/') skip))) (RULE LINE_COMMENT (BLOCK (LEXER_ALT_ACTION (ALT '//' (* (BLOCK (ALT (~ (SET [\r\n])))))) skip))) (RULE ESC_SEQ (RULEMODIFIERS fragment) (BLOCK (ALT '\\' (SET '\\' '@' '[' ']' '.' '#' '+' '-' '!' ':' ' '))))))
